<?xml version="1.0" encoding="UTF-8"?>
<coverage generated="1742928227289" clover="3.2.0">
  <project timestamp="1742928227289" name="All files">
    <metrics statements="22" coveredstatements="22" conditionals="5" coveredconditionals="3" methods="3" coveredmethods="3" elements="30" coveredelements="28" complexity="0" loc="22" ncloc="22" packages="1" files="1" classes="1"/>
    <file name="index.ts" path="/Users/devcoup/Projects/MichaelSimoneau.com/dotcom/functions/src/index.ts">
      <metrics statements="22" coveredstatements="22" conditionals="5" coveredconditionals="3" methods="3" coveredmethods="3"/>
      <line num="14" count="2" type="stmt"/>
      <line num="16" count="2" type="stmt"/>
      <line num="82" count="16" type="stmt"/>
      <line num="83" count="16" type="cond" truecount="1" falsecount="0"/>
      <line num="84" count="5" type="stmt"/>
      <line num="90" count="11" type="stmt"/>
      <line num="100" count="2" type="stmt"/>
      <line num="101" count="7" type="stmt"/>
      <line num="103" count="7" type="stmt"/>
      <line num="107" count="7" type="stmt"/>
      <line num="111" count="5" type="stmt"/>
      <line num="116" count="5" type="stmt"/>
      <line num="118" count="2" type="stmt"/>
      <line num="119" count="2" type="stmt"/>
      <line num="133" count="2" type="stmt"/>
      <line num="134" count="9" type="stmt"/>
      <line num="136" count="9" type="stmt"/>
      <line num="142" count="9" type="stmt"/>
      <line num="146" count="6" type="stmt"/>
      <line num="157" count="6" type="stmt"/>
      <line num="159" count="3" type="stmt"/>
      <line num="160" count="3" type="stmt"/>
    </file>
  </project>
</coverage>
