{"/Users/devcoup/Projects/MichaelSimoneau.com/dotcom/app/+not-found.tsx": {"path":"/Users/devcoup/Projects/MichaelSimoneau.com/dotcom/app/+not-found.tsx","statementMap":{"0":{"start":{"line":7,"column":19},"end":{"line":7,"column":32}},"1":{"start":{"line":8,"column":19},"end":{"line":16,"column":3}},"2":{"start":{"line":9,"column":11},"end":{"line":14,"column":5}},"3":{"start":{"line":18,"column":2},"end":{"line":18,"column":34}},"4":{"start":{"line":19,"column":2},"end":{"line":27,"column":4}},"5":{"start":{"line":29,"column":2},"end":{"line":37,"column":4}},"6":{"start":{"line":40,"column":15},"end":{"line":71,"column":2}}},"fnMap":{"0":{"name":"NotFound","decl":{"start":{"line":6,"column":24},"end":{"line":6,"column":32}},"loc":{"start":{"line":6,"column":35},"end":{"line":38,"column":1}},"line":6},"1":{"name":"(anonymous_1)","decl":{"start":{"line":9,"column":4},"end":{"line":9,"column":5}},"loc":{"start":{"line":9,"column":11},"end":{"line":14,"column":5}},"line":9}},"branchMap":{},"s":{"0":0,"1":0,"2":0,"3":0,"4":0,"5":0,"6":0},"f":{"0":0,"1":0},"b":{}}
,"/Users/devcoup/Projects/MichaelSimoneau.com/dotcom/app/_layout.tsx": {"path":"/Users/devcoup/Projects/MichaelSimoneau.com/dotcom/app/_layout.tsx","statementMap":{"0":{"start":{"line":7,"column":2},"end":{"line":12,"column":4}}},"fnMap":{"0":{"name":"RootLayout","decl":{"start":{"line":6,"column":24},"end":{"line":6,"column":34}},"loc":{"start":{"line":6,"column":37},"end":{"line":13,"column":1}},"line":6}},"branchMap":{},"s":{"0":0},"f":{"0":0},"b":{}}
,"/Users/devcoup/Projects/MichaelSimoneau.com/dotcom/app/crypto-fabric.tsx": {"path":"/Users/devcoup/Projects/MichaelSimoneau.com/dotcom/app/crypto-fabric.tsx","statementMap":{"0":{"start":{"line":5,"column":2},"end":{"line":5,"column":32}}},"fnMap":{"0":{"name":"CryptoFabricRoute","decl":{"start":{"line":4,"column":24},"end":{"line":4,"column":41}},"loc":{"start":{"line":4,"column":44},"end":{"line":6,"column":1}},"line":4}},"branchMap":{},"s":{"0":0},"f":{"0":0},"b":{}}
,"/Users/devcoup/Projects/MichaelSimoneau.com/dotcom/app/index.tsx": {"path":"/Users/devcoup/Projects/MichaelSimoneau.com/dotcom/app/index.tsx","statementMap":{"0":{"start":{"line":5,"column":2},"end":{"line":5,"column":24}}},"fnMap":{"0":{"name":"Index","decl":{"start":{"line":4,"column":24},"end":{"line":4,"column":29}},"loc":{"start":{"line":4,"column":32},"end":{"line":6,"column":1}},"line":4}},"branchMap":{},"s":{"0":0},"f":{"0":0},"b":{}}
,"/Users/devcoup/Projects/MichaelSimoneau.com/dotcom/app/zero.tsx": {"path":"/Users/devcoup/Projects/MichaelSimoneau.com/dotcom/app/zero.tsx","statementMap":{"0":{"start":{"line":4,"column":18},"end":{"line":494,"column":232}},"1":{"start":{"line":496,"column":2},"end":{"line":502,"column":4}}},"fnMap":{"0":{"name":"ZeroScreen","decl":{"start":{"line":3,"column":24},"end":{"line":3,"column":34}},"loc":{"start":{"line":3,"column":37},"end":{"line":503,"column":1}},"line":3}},"branchMap":{},"s":{"0":0,"1":0},"f":{"0":0},"b":{}}
,"/Users/devcoup/Projects/MichaelSimoneau.com/dotcom/app/blog/[id].tsx": {"path":"/Users/devcoup/Projects/MichaelSimoneau.com/dotcom/app/blog/[id].tsx","statementMap":{"0":{"start":{"line":5,"column":2},"end":{"line":5,"column":31}}},"fnMap":{"0":{"name":"BlogArticleRoute","decl":{"start":{"line":4,"column":24},"end":{"line":4,"column":40}},"loc":{"start":{"line":4,"column":43},"end":{"line":6,"column":1}},"line":4}},"branchMap":{},"s":{"0":0},"f":{"0":0},"b":{}}
,"/Users/devcoup/Projects/MichaelSimoneau.com/dotcom/app/blog/index.tsx": {"path":"/Users/devcoup/Projects/MichaelSimoneau.com/dotcom/app/blog/index.tsx","statementMap":{"0":{"start":{"line":5,"column":2},"end":{"line":5,"column":28}}},"fnMap":{"0":{"name":"BlogIndex","decl":{"start":{"line":4,"column":24},"end":{"line":4,"column":33}},"loc":{"start":{"line":4,"column":36},"end":{"line":6,"column":1}},"line":4}},"branchMap":{},"s":{"0":0},"f":{"0":0},"b":{}}
,"/Users/devcoup/Projects/MichaelSimoneau.com/dotcom/src/features/blog/contentFactories.ts": {"path":"/Users/devcoup/Projects/MichaelSimoneau.com/dotcom/src/features/blog/contentFactories.ts","statementMap":{"0":{"start":{"line":3,"column":31},"end":{"line":6,"column":2}},"1":{"start":{"line":3,"column":69},"end":{"line":6,"column":1}},"2":{"start":{"line":8,"column":29},"end":{"line":12,"column":2}},"3":{"start":{"line":8,"column":95},"end":{"line":12,"column":1}},"4":{"start":{"line":14,"column":26},"end":{"line":18,"column":2}},"5":{"start":{"line":14,"column":77},"end":{"line":18,"column":1}},"6":{"start":{"line":20,"column":26},"end":{"line":24,"column":2}},"7":{"start":{"line":20,"column":59},"end":{"line":24,"column":1}},"8":{"start":{"line":26,"column":29},"end":{"line":29,"column":2}},"9":{"start":{"line":26,"column":65},"end":{"line":29,"column":1}}},"fnMap":{"0":{"name":"(anonymous_0)","decl":{"start":{"line":3,"column":31},"end":{"line":3,"column":32}},"loc":{"start":{"line":3,"column":69},"end":{"line":6,"column":1}},"line":3},"1":{"name":"(anonymous_1)","decl":{"start":{"line":8,"column":29},"end":{"line":8,"column":30}},"loc":{"start":{"line":8,"column":95},"end":{"line":12,"column":1}},"line":8},"2":{"name":"(anonymous_2)","decl":{"start":{"line":14,"column":26},"end":{"line":14,"column":27}},"loc":{"start":{"line":14,"column":77},"end":{"line":18,"column":1}},"line":14},"3":{"name":"(anonymous_3)","decl":{"start":{"line":20,"column":26},"end":{"line":20,"column":27}},"loc":{"start":{"line":20,"column":59},"end":{"line":24,"column":1}},"line":20},"4":{"name":"(anonymous_4)","decl":{"start":{"line":26,"column":29},"end":{"line":26,"column":30}},"loc":{"start":{"line":26,"column":65},"end":{"line":29,"column":1}},"line":26}},"branchMap":{},"s":{"0":0,"1":0,"2":0,"3":0,"4":0,"5":0,"6":0,"7":0,"8":0,"9":0},"f":{"0":0,"1":0,"2":0,"3":0,"4":0},"b":{}}
,"/Users/devcoup/Projects/MichaelSimoneau.com/dotcom/src/features/blog/repository.ts": {"path":"/Users/devcoup/Projects/MichaelSimoneau.com/dotcom/src/features/blog/repository.ts","statementMap":{"0":{"start":{"line":4,"column":29},"end":{"line":10,"column":1}},"1":{"start":{"line":5,"column":2},"end":{"line":9,"column":5}},"2":{"start":{"line":6,"column":22},"end":{"line":6,"column":73}},"3":{"start":{"line":7,"column":23},"end":{"line":7,"column":76}},"4":{"start":{"line":8,"column":4},"end":{"line":8,"column":34}},"5":{"start":{"line":12,"column":46},"end":{"line":16,"column":1}},"6":{"start":{"line":13,"column":21},"end":{"line":13,"column":55}},"7":{"start":{"line":14,"column":29},"end":{"line":14,"column":99}},"8":{"start":{"line":14,"column":81},"end":{"line":14,"column":97}},"9":{"start":{"line":15,"column":34},"end":{"line":15,"column":81}},"10":{"start":{"line":15,"column":63},"end":{"line":15,"column":80}}},"fnMap":{"0":{"name":"(anonymous_0)","decl":{"start":{"line":4,"column":29},"end":{"line":4,"column":30}},"loc":{"start":{"line":4,"column":73},"end":{"line":10,"column":1}},"line":4},"1":{"name":"(anonymous_1)","decl":{"start":{"line":5,"column":28},"end":{"line":5,"column":29}},"loc":{"start":{"line":5,"column":47},"end":{"line":9,"column":3}},"line":5},"2":{"name":"(anonymous_2)","decl":{"start":{"line":13,"column":15},"end":{"line":13,"column":16}},"loc":{"start":{"line":13,"column":21},"end":{"line":13,"column":55}},"line":13},"3":{"name":"(anonymous_3)","decl":{"start":{"line":14,"column":23},"end":{"line":14,"column":24}},"loc":{"start":{"line":14,"column":29},"end":{"line":14,"column":99}},"line":14},"4":{"name":"(anonymous_4)","decl":{"start":{"line":14,"column":70},"end":{"line":14,"column":71}},"loc":{"start":{"line":14,"column":81},"end":{"line":14,"column":97}},"line":14},"5":{"name":"(anonymous_5)","decl":{"start":{"line":15,"column":18},"end":{"line":15,"column":19}},"loc":{"start":{"line":15,"column":34},"end":{"line":15,"column":81}},"line":15},"6":{"name":"(anonymous_6)","decl":{"start":{"line":15,"column":52},"end":{"line":15,"column":53}},"loc":{"start":{"line":15,"column":63},"end":{"line":15,"column":80}},"line":15}},"branchMap":{"0":{"loc":{"start":{"line":6,"column":31},"end":{"line":6,"column":62}},"type":"binary-expr","locations":[{"start":{"line":6,"column":31},"end":{"line":6,"column":48}},{"start":{"line":6,"column":52},"end":{"line":6,"column":62}}],"line":6},"1":{"loc":{"start":{"line":7,"column":32},"end":{"line":7,"column":65}},"type":"binary-expr","locations":[{"start":{"line":7,"column":32},"end":{"line":7,"column":50}},{"start":{"line":7,"column":54},"end":{"line":7,"column":65}}],"line":7}},"s":{"0":0,"1":0,"2":0,"3":0,"4":0,"5":0,"6":0,"7":0,"8":0,"9":0,"10":0},"f":{"0":0,"1":0,"2":0,"3":0,"4":0,"5":0,"6":0},"b":{"0":[0,0],"1":[0,0]}}
,"/Users/devcoup/Projects/MichaelSimoneau.com/dotcom/src/features/blog/types.ts": {"path":"/Users/devcoup/Projects/MichaelSimoneau.com/dotcom/src/features/blog/types.ts","statementMap":{},"fnMap":{},"branchMap":{},"s":{},"f":{},"b":{}}
,"/Users/devcoup/Projects/MichaelSimoneau.com/dotcom/src/features/blog/components/BlogContentRenderer.tsx": {"path":"/Users/devcoup/Projects/MichaelSimoneau.com/dotcom/src/features/blog/components/BlogContentRenderer.tsx","statementMap":{"0":{"start":{"line":10,"column":35},"end":{"line":18,"column":1}},"1":{"start":{"line":11,"column":2},"end":{"line":17,"column":4}},"2":{"start":{"line":14,"column":8},"end":{"line":14,"column":80}},"3":{"start":{"line":20,"column":20},"end":{"line":62,"column":1}},"4":{"start":{"line":21,"column":2},"end":{"line":61,"column":3}},"5":{"start":{"line":23,"column":6},"end":{"line":32,"column":8}},"6":{"start":{"line":34,"column":6},"end":{"line":34,"column":67}},"7":{"start":{"line":36,"column":6},"end":{"line":45,"column":8}},"8":{"start":{"line":39,"column":12},"end":{"line":42,"column":19}},"9":{"start":{"line":47,"column":6},"end":{"line":52,"column":8}},"10":{"start":{"line":54,"column":6},"end":{"line":58,"column":8}},"11":{"start":{"line":60,"column":6},"end":{"line":60,"column":18}},"12":{"start":{"line":64,"column":49},"end":{"line":71,"column":1}},"13":{"start":{"line":73,"column":15},"end":{"line":131,"column":2}}},"fnMap":{"0":{"name":"(anonymous_0)","decl":{"start":{"line":10,"column":35},"end":{"line":10,"column":36}},"loc":{"start":{"line":10,"column":77},"end":{"line":18,"column":1}},"line":10},"1":{"name":"(anonymous_1)","decl":{"start":{"line":13,"column":18},"end":{"line":13,"column":19}},"loc":{"start":{"line":14,"column":8},"end":{"line":14,"column":80}},"line":14},"2":{"name":"(anonymous_2)","decl":{"start":{"line":20,"column":20},"end":{"line":20,"column":21}},"loc":{"start":{"line":20,"column":45},"end":{"line":62,"column":1}},"line":20},"3":{"name":"(anonymous_3)","decl":{"start":{"line":38,"column":27},"end":{"line":38,"column":28}},"loc":{"start":{"line":39,"column":12},"end":{"line":42,"column":19}},"line":39}},"branchMap":{"0":{"loc":{"start":{"line":21,"column":2},"end":{"line":61,"column":3}},"type":"switch","locations":[{"start":{"line":22,"column":4},"end":{"line":32,"column":8}},{"start":{"line":33,"column":4},"end":{"line":34,"column":67}},{"start":{"line":35,"column":4},"end":{"line":45,"column":8}},{"start":{"line":46,"column":4},"end":{"line":52,"column":8}},{"start":{"line":53,"column":4},"end":{"line":58,"column":8}},{"start":{"line":59,"column":4},"end":{"line":60,"column":18}}],"line":21},"1":{"loc":{"start":{"line":27,"column":12},"end":{"line":27,"column":58}},"type":"binary-expr","locations":[{"start":{"line":27,"column":12},"end":{"line":27,"column":38}},{"start":{"line":27,"column":42},"end":{"line":27,"column":58}}],"line":27}},"s":{"0":0,"1":0,"2":0,"3":0,"4":0,"5":0,"6":0,"7":0,"8":0,"9":0,"10":0,"11":0,"12":0,"13":0},"f":{"0":0,"1":0,"2":0,"3":0},"b":{"0":[0,0,0,0,0,0],"1":[0,0]}}
,"/Users/devcoup/Projects/MichaelSimoneau.com/dotcom/src/features/blog/components/BlogListItem.tsx": {"path":"/Users/devcoup/Projects/MichaelSimoneau.com/dotcom/src/features/blog/components/BlogListItem.tsx","statementMap":{"0":{"start":{"line":10,"column":28},"end":{"line":30,"column":1}},"1":{"start":{"line":11,"column":2},"end":{"line":29,"column":4}},"2":{"start":{"line":22,"column":12},"end":{"line":24,"column":19}},"3":{"start":{"line":32,"column":15},"end":{"line":89,"column":2}}},"fnMap":{"0":{"name":"(anonymous_0)","decl":{"start":{"line":10,"column":28},"end":{"line":10,"column":29}},"loc":{"start":{"line":10,"column":64},"end":{"line":30,"column":1}},"line":10},"1":{"name":"(anonymous_1)","decl":{"start":{"line":21,"column":28},"end":{"line":21,"column":29}},"loc":{"start":{"line":22,"column":12},"end":{"line":24,"column":19}},"line":22}},"branchMap":{"0":{"loc":{"start":{"line":13,"column":33},"end":{"line":13,"column":83}},"type":"cond-expr","locations":[{"start":{"line":13,"column":52},"end":{"line":13,"column":71}},{"start":{"line":13,"column":74},"end":{"line":13,"column":83}}],"line":13}},"s":{"0":0,"1":0,"2":0,"3":0},"f":{"0":0,"1":0},"b":{"0":[0,0]}}
,"/Users/devcoup/Projects/MichaelSimoneau.com/dotcom/src/features/blog/data/posts.ts": {"path":"/Users/devcoup/Projects/MichaelSimoneau.com/dotcom/src/features/blog/data/posts.ts","statementMap":{"0":{"start":{"line":4,"column":43},"end":{"line":417,"column":1}}},"fnMap":{},"branchMap":{},"s":{"0":0},"f":{},"b":{}}
,"/Users/devcoup/Projects/MichaelSimoneau.com/dotcom/src/features/blog/hooks/useBlogArticles.ts": {"path":"/Users/devcoup/Projects/MichaelSimoneau.com/dotcom/src/features/blog/hooks/useBlogArticles.ts","statementMap":{"0":{"start":{"line":5,"column":31},"end":{"line":7,"column":1}},"1":{"start":{"line":6,"column":2},"end":{"line":6,"column":57}},"2":{"start":{"line":6,"column":23},"end":{"line":6,"column":51}},"3":{"start":{"line":9,"column":39},"end":{"line":11,"column":1}},"4":{"start":{"line":10,"column":2},"end":{"line":10,"column":65}},"5":{"start":{"line":10,"column":23},"end":{"line":10,"column":59}},"6":{"start":{"line":13,"column":30},"end":{"line":20,"column":1}},"7":{"start":{"line":14,"column":2},"end":{"line":19,"column":11}},"8":{"start":{"line":15,"column":4},"end":{"line":17,"column":5}},"9":{"start":{"line":16,"column":6},"end":{"line":16,"column":23}},"10":{"start":{"line":18,"column":4},"end":{"line":18,"column":45}}},"fnMap":{"0":{"name":"(anonymous_0)","decl":{"start":{"line":5,"column":31},"end":{"line":5,"column":32}},"loc":{"start":{"line":5,"column":52},"end":{"line":7,"column":1}},"line":5},"1":{"name":"(anonymous_1)","decl":{"start":{"line":6,"column":17},"end":{"line":6,"column":18}},"loc":{"start":{"line":6,"column":23},"end":{"line":6,"column":51}},"line":6},"2":{"name":"(anonymous_2)","decl":{"start":{"line":9,"column":39},"end":{"line":9,"column":40}},"loc":{"start":{"line":9,"column":60},"end":{"line":11,"column":1}},"line":9},"3":{"name":"(anonymous_3)","decl":{"start":{"line":10,"column":17},"end":{"line":10,"column":18}},"loc":{"start":{"line":10,"column":23},"end":{"line":10,"column":59}},"line":10},"4":{"name":"(anonymous_4)","decl":{"start":{"line":13,"column":30},"end":{"line":13,"column":31}},"loc":{"start":{"line":13,"column":83},"end":{"line":20,"column":1}},"line":13},"5":{"name":"(anonymous_5)","decl":{"start":{"line":14,"column":17},"end":{"line":14,"column":18}},"loc":{"start":{"line":14,"column":23},"end":{"line":19,"column":3}},"line":14}},"branchMap":{"0":{"loc":{"start":{"line":15,"column":4},"end":{"line":17,"column":5}},"type":"if","locations":[{"start":{"line":15,"column":4},"end":{"line":17,"column":5}},{"start":{},"end":{}}],"line":15}},"s":{"0":0,"1":0,"2":0,"3":0,"4":0,"5":0,"6":0,"7":0,"8":0,"9":0,"10":0},"f":{"0":0,"1":0,"2":0,"3":0,"4":0,"5":0},"b":{"0":[0,0]}}
,"/Users/devcoup/Projects/MichaelSimoneau.com/dotcom/src/features/blog/screens/BlogArticleScreen.tsx": {"path":"/Users/devcoup/Projects/MichaelSimoneau.com/dotcom/src/features/blog/screens/BlogArticleScreen.tsx","statementMap":{"0":{"start":{"line":8,"column":33},"end":{"line":82,"column":1}},"1":{"start":{"line":9,"column":17},"end":{"line":9,"column":39}},"2":{"start":{"line":10,"column":17},"end":{"line":10,"column":28}},"3":{"start":{"line":11,"column":20},"end":{"line":11,"column":73}},"4":{"start":{"line":11,"column":35},"end":{"line":11,"column":65}},"5":{"start":{"line":12,"column":18},"end":{"line":12,"column":43}},"6":{"start":{"line":13,"column":19},"end":{"line":24,"column":15}},"7":{"start":{"line":14,"column":4},"end":{"line":16,"column":5}},"8":{"start":{"line":15,"column":6},"end":{"line":15,"column":23}},"9":{"start":{"line":18,"column":4},"end":{"line":23,"column":6}},"10":{"start":{"line":25,"column":29},"end":{"line":36,"column":15}},"11":{"start":{"line":26,"column":4},"end":{"line":28,"column":5}},"12":{"start":{"line":27,"column":6},"end":{"line":27,"column":23}},"13":{"start":{"line":30,"column":4},"end":{"line":35,"column":6}},"14":{"start":{"line":38,"column":2},"end":{"line":38,"column":34}},"15":{"start":{"line":39,"column":2},"end":{"line":42,"column":5}},"16":{"start":{"line":43,"column":2},"end":{"line":54,"column":4}},"17":{"start":{"line":56,"column":2},"end":{"line":64,"column":35}},"18":{"start":{"line":57,"column":4},"end":{"line":59,"column":5}},"19":{"start":{"line":58,"column":6},"end":{"line":58,"column":13}},"20":{"start":{"line":61,"column":4},"end":{"line":63,"column":5}},"21":{"start":{"line":62,"column":6},"end":{"line":62,"column":30}},"22":{"start":{"line":66,"column":2},"end":{"line":68,"column":3}},"23":{"start":{"line":67,"column":4},"end":{"line":67,"column":16}},"24":{"start":{"line":70,"column":2},"end":{"line":81,"column":4}},"25":{"start":{"line":84,"column":15},"end":{"line":117,"column":2}}},"fnMap":{"0":{"name":"(anonymous_0)","decl":{"start":{"line":8,"column":33},"end":{"line":8,"column":34}},"loc":{"start":{"line":8,"column":39},"end":{"line":82,"column":1}},"line":8},"1":{"name":"(anonymous_1)","decl":{"start":{"line":11,"column":28},"end":{"line":11,"column":29}},"loc":{"start":{"line":11,"column":35},"end":{"line":11,"column":65}},"line":11},"2":{"name":"(anonymous_2)","decl":{"start":{"line":13,"column":27},"end":{"line":13,"column":28}},"loc":{"start":{"line":13,"column":33},"end":{"line":24,"column":3}},"line":13},"3":{"name":"(anonymous_3)","decl":{"start":{"line":25,"column":37},"end":{"line":25,"column":38}},"loc":{"start":{"line":25,"column":43},"end":{"line":36,"column":3}},"line":25},"4":{"name":"(anonymous_4)","decl":{"start":{"line":56,"column":12},"end":{"line":56,"column":13}},"loc":{"start":{"line":56,"column":18},"end":{"line":64,"column":3}},"line":56}},"branchMap":{"0":{"loc":{"start":{"line":11,"column":35},"end":{"line":11,"column":65}},"type":"cond-expr","locations":[{"start":{"line":11,"column":55},"end":{"line":11,"column":60}},{"start":{"line":11,"column":63},"end":{"line":11,"column":65}}],"line":11},"1":{"loc":{"start":{"line":14,"column":4},"end":{"line":16,"column":5}},"type":"if","locations":[{"start":{"line":14,"column":4},"end":{"line":16,"column":5}},{"start":{},"end":{}}],"line":14},"2":{"loc":{"start":{"line":26,"column":4},"end":{"line":28,"column":5}},"type":"if","locations":[{"start":{"line":26,"column":4},"end":{"line":28,"column":5}},{"start":{},"end":{}}],"line":26},"3":{"loc":{"start":{"line":45,"column":4},"end":{"line":49,"column":17}},"type":"cond-expr","locations":[{"start":{"line":46,"column":8},"end":{"line":48,"column":9}},{"start":{"line":49,"column":8},"end":{"line":49,"column":17}}],"line":45},"4":{"loc":{"start":{"line":51,"column":15},"end":{"line":51,"column":45}},"type":"binary-expr","locations":[{"start":{"line":51,"column":15},"end":{"line":51,"column":23}},{"start":{"line":51,"column":27},"end":{"line":51,"column":45}}],"line":51},"5":{"loc":{"start":{"line":52,"column":24},"end":{"line":52,"column":53}},"type":"cond-expr","locations":[{"start":{"line":52,"column":34},"end":{"line":52,"column":41}},{"start":{"line":52,"column":44},"end":{"line":52,"column":53}}],"line":52},"6":{"loc":{"start":{"line":57,"column":4},"end":{"line":59,"column":5}},"type":"if","locations":[{"start":{"line":57,"column":4},"end":{"line":59,"column":5}},{"start":{},"end":{}}],"line":57},"7":{"loc":{"start":{"line":61,"column":4},"end":{"line":63,"column":5}},"type":"if","locations":[{"start":{"line":61,"column":4},"end":{"line":63,"column":5}},{"start":{},"end":{}}],"line":61},"8":{"loc":{"start":{"line":66,"column":2},"end":{"line":68,"column":3}},"type":"if","locations":[{"start":{"line":66,"column":2},"end":{"line":68,"column":3}},{"start":{},"end":{}}],"line":66}},"s":{"0":0,"1":0,"2":0,"3":0,"4":0,"5":0,"6":0,"7":0,"8":0,"9":0,"10":0,"11":0,"12":0,"13":0,"14":0,"15":0,"16":0,"17":0,"18":0,"19":0,"20":0,"21":0,"22":0,"23":0,"24":0,"25":0},"f":{"0":0,"1":0,"2":0,"3":0,"4":0},"b":{"0":[0,0],"1":[0,0],"2":[0,0],"3":[0,0],"4":[0,0],"5":[0,0],"6":[0,0],"7":[0,0],"8":[0,0]}}
,"/Users/devcoup/Projects/MichaelSimoneau.com/dotcom/src/features/blog/screens/BlogListScreen.tsx": {"path":"/Users/devcoup/Projects/MichaelSimoneau.com/dotcom/src/features/blog/screens/BlogListScreen.tsx","statementMap":{"0":{"start":{"line":7,"column":30},"end":{"line":62,"column":1}},"1":{"start":{"line":8,"column":19},"end":{"line":8,"column":42}},"2":{"start":{"line":9,"column":27},"end":{"line":9,"column":52}},"3":{"start":{"line":10,"column":19},"end":{"line":10,"column":36}},"4":{"start":{"line":11,"column":19},"end":{"line":19,"column":3}},"5":{"start":{"line":12,"column":11},"end":{"line":17,"column":5}},"6":{"start":{"line":21,"column":2},"end":{"line":21,"column":34}},"7":{"start":{"line":22,"column":2},"end":{"line":31,"column":4}},"8":{"start":{"line":33,"column":2},"end":{"line":61,"column":4}},"9":{"start":{"line":47,"column":12},"end":{"line":47,"column":63}},"10":{"start":{"line":56,"column":12},"end":{"line":56,"column":75}},"11":{"start":{"line":64,"column":15},"end":{"line":101,"column":2}}},"fnMap":{"0":{"name":"(anonymous_0)","decl":{"start":{"line":7,"column":30},"end":{"line":7,"column":31}},"loc":{"start":{"line":7,"column":36},"end":{"line":62,"column":1}},"line":7},"1":{"name":"(anonymous_1)","decl":{"start":{"line":12,"column":4},"end":{"line":12,"column":5}},"loc":{"start":{"line":12,"column":11},"end":{"line":17,"column":5}},"line":12},"2":{"name":"(anonymous_2)","decl":{"start":{"line":46,"column":32},"end":{"line":46,"column":33}},"loc":{"start":{"line":47,"column":12},"end":{"line":47,"column":63}},"line":47},"3":{"name":"(anonymous_3)","decl":{"start":{"line":55,"column":24},"end":{"line":55,"column":25}},"loc":{"start":{"line":56,"column":12},"end":{"line":56,"column":75}},"line":56}},"branchMap":{},"s":{"0":0,"1":0,"2":0,"3":0,"4":0,"5":0,"6":0,"7":0,"8":0,"9":0,"10":0,"11":0},"f":{"0":0,"1":0,"2":0,"3":0},"b":{}}
,"/Users/devcoup/Projects/MichaelSimoneau.com/dotcom/src/features/cryptoFabric/screens/CryptoFabricScreen.tsx": {"path":"/Users/devcoup/Projects/MichaelSimoneau.com/dotcom/src/features/cryptoFabric/screens/CryptoFabricScreen.tsx","statementMap":{"0":{"start":{"line":5,"column":23},"end":{"line":18,"column":1}},"1":{"start":{"line":20,"column":34},"end":{"line":75,"column":1}},"2":{"start":{"line":21,"column":23},"end":{"line":21,"column":65}},"3":{"start":{"line":22,"column":19},"end":{"line":30,"column":3}},"4":{"start":{"line":23,"column":11},"end":{"line":28,"column":5}},"5":{"start":{"line":32,"column":2},"end":{"line":32,"column":34}},"6":{"start":{"line":33,"column":2},"end":{"line":42,"column":4}},"7":{"start":{"line":44,"column":2},"end":{"line":74,"column":4}},"8":{"start":{"line":56,"column":12},"end":{"line":59,"column":19}},"9":{"start":{"line":77,"column":15},"end":{"line":145,"column":2}}},"fnMap":{"0":{"name":"(anonymous_0)","decl":{"start":{"line":20,"column":34},"end":{"line":20,"column":35}},"loc":{"start":{"line":20,"column":40},"end":{"line":75,"column":1}},"line":20},"1":{"name":"(anonymous_1)","decl":{"start":{"line":23,"column":4},"end":{"line":23,"column":5}},"loc":{"start":{"line":23,"column":11},"end":{"line":28,"column":5}},"line":23},"2":{"name":"(anonymous_2)","decl":{"start":{"line":55,"column":30},"end":{"line":55,"column":31}},"loc":{"start":{"line":56,"column":12},"end":{"line":59,"column":19}},"line":56}},"branchMap":{},"s":{"0":0,"1":0,"2":0,"3":0,"4":0,"5":0,"6":0,"7":0,"8":0,"9":0},"f":{"0":0,"1":0,"2":0},"b":{}}
,"/Users/devcoup/Projects/MichaelSimoneau.com/dotcom/src/features/home/screens/HomeScreen.tsx": {"path":"/Users/devcoup/Projects/MichaelSimoneau.com/dotcom/src/features/home/screens/HomeScreen.tsx","statementMap":{"0":{"start":{"line":14,"column":26},"end":{"line":116,"column":1}},"1":{"start":{"line":15,"column":19},"end":{"line":15,"column":42}},"2":{"start":{"line":16,"column":18},"end":{"line":16,"column":40}},"3":{"start":{"line":17,"column":30},"end":{"line":17,"column":72}},"4":{"start":{"line":18,"column":28},"end":{"line":18,"column":62}},"5":{"start":{"line":19,"column":32},"end":{"line":19,"column":70}},"6":{"start":{"line":20,"column":27},"end":{"line":20,"column":52}},"7":{"start":{"line":21,"column":19},"end":{"line":29,"column":3}},"8":{"start":{"line":22,"column":11},"end":{"line":27,"column":5}},"9":{"start":{"line":31,"column":2},"end":{"line":31,"column":34}},"10":{"start":{"line":32,"column":2},"end":{"line":42,"column":4}},"11":{"start":{"line":44,"column":2},"end":{"line":115,"column":4}},"12":{"start":{"line":61,"column":16},"end":{"line":64,"column":23}},"13":{"start":{"line":105,"column":12},"end":{"line":105,"column":73}},"14":{"start":{"line":118,"column":15},"end":{"line":240,"column":2}}},"fnMap":{"0":{"name":"(anonymous_0)","decl":{"start":{"line":14,"column":26},"end":{"line":14,"column":27}},"loc":{"start":{"line":14,"column":32},"end":{"line":116,"column":1}},"line":14},"1":{"name":"(anonymous_1)","decl":{"start":{"line":22,"column":4},"end":{"line":22,"column":5}},"loc":{"start":{"line":22,"column":11},"end":{"line":27,"column":5}},"line":22},"2":{"name":"(anonymous_2)","decl":{"start":{"line":60,"column":51},"end":{"line":60,"column":52}},"loc":{"start":{"line":61,"column":16},"end":{"line":64,"column":23}},"line":61},"3":{"name":"(anonymous_3)","decl":{"start":{"line":104,"column":32},"end":{"line":104,"column":33}},"loc":{"start":{"line":105,"column":12},"end":{"line":105,"column":73}},"line":105}},"branchMap":{"0":{"loc":{"start":{"line":53,"column":7},"end":{"line":74,"column":7}},"type":"binary-expr","locations":[{"start":{"line":53,"column":7},"end":{"line":53,"column":34}},{"start":{"line":54,"column":8},"end":{"line":73,"column":15}}],"line":53},"1":{"loc":{"start":{"line":76,"column":7},"end":{"line":89,"column":7}},"type":"binary-expr","locations":[{"start":{"line":76,"column":7},"end":{"line":76,"column":32}},{"start":{"line":77,"column":8},"end":{"line":88,"column":15}}],"line":76}},"s":{"0":0,"1":0,"2":0,"3":0,"4":0,"5":0,"6":0,"7":0,"8":0,"9":0,"10":0,"11":0,"12":0,"13":0,"14":0},"f":{"0":0,"1":0,"2":0,"3":0},"b":{"0":[0,0],"1":[0,0]}}
,"/Users/devcoup/Projects/MichaelSimoneau.com/dotcom/src/foundation/config.ts": {"path":"/Users/devcoup/Projects/MichaelSimoneau.com/dotcom/src/foundation/config.ts","statementMap":{"0":{"start":{"line":3,"column":57},"end":{"line":162,"column":1}},"1":{"start":{"line":157,"column":6},"end":{"line":159,"column":7}},"2":{"start":{"line":158,"column":8},"end":{"line":158,"column":51}}},"fnMap":{"0":{"name":"(anonymous_0)","decl":{"start":{"line":156,"column":11},"end":{"line":156,"column":12}},"loc":{"start":{"line":156,"column":39},"end":{"line":160,"column":5}},"line":156}},"branchMap":{"0":{"loc":{"start":{"line":157,"column":6},"end":{"line":159,"column":7}},"type":"if","locations":[{"start":{"line":157,"column":6},"end":{"line":159,"column":7}},{"start":{},"end":{}}],"line":157}},"s":{"0":1,"1":0,"2":0},"f":{"0":0},"b":{"0":[0,0]},"_coverageSchema":"1a1c01bbd47fc00a2c39e90264f33305004495a9","hash":"0aa541d5147e23b26c485b689b438a9d16f1f1a1"}
,"/Users/devcoup/Projects/MichaelSimoneau.com/dotcom/src/foundation/context.tsx": {"path":"/Users/devcoup/Projects/MichaelSimoneau.com/dotcom/src/foundation/context.tsx","statementMap":{"0":{"start":{"line":19,"column":26},"end":{"line":19,"column":76}},"1":{"start":{"line":21,"column":34},"end":{"line":82,"column":1}},"2":{"start":{"line":25,"column":38},"end":{"line":25,"column":72}},"3":{"start":{"line":26,"column":32},"end":{"line":26,"column":71}},"4":{"start":{"line":26,"column":47},"end":{"line":26,"column":70}},"5":{"start":{"line":28,"column":23},"end":{"line":33,"column":23}},"6":{"start":{"line":29,"column":4},"end":{"line":32,"column":7}},"7":{"start":{"line":35,"column":2},"end":{"line":49,"column":9}},"8":{"start":{"line":36,"column":4},"end":{"line":38,"column":5}},"9":{"start":{"line":37,"column":6},"end":{"line":37,"column":13}},"10":{"start":{"line":39,"column":25},"end":{"line":44,"column":6}},"11":{"start":{"line":40,"column":6},"end":{"line":43,"column":10}},"12":{"start":{"line":40,"column":31},"end":{"line":43,"column":7}},"13":{"start":{"line":46,"column":4},"end":{"line":48,"column":6}},"14":{"start":{"line":47,"column":6},"end":{"line":47,"column":28}},"15":{"start":{"line":51,"column":27},"end":{"line":66,"column":3}},"16":{"start":{"line":53,"column":6},"end":{"line":63,"column":9}},"17":{"start":{"line":54,"column":30},"end":{"line":56,"column":9}},"18":{"start":{"line":55,"column":20},"end":{"line":55,"column":43}},"19":{"start":{"line":57,"column":8},"end":{"line":61,"column":9}},"20":{"start":{"line":58,"column":23},"end":{"line":58,"column":35}},"21":{"start":{"line":59,"column":10},"end":{"line":59,"column":72}},"22":{"start":{"line":60,"column":10},"end":{"line":60,"column":22}},"23":{"start":{"line":62,"column":8},"end":{"line":62,"column":38}},"24":{"start":{"line":68,"column":16},"end":{"line":75,"column":3}},"25":{"start":{"line":69,"column":11},"end":{"line":73,"column":5}},"26":{"start":{"line":77,"column":2},"end":{"line":81,"column":4}},"27":{"start":{"line":85,"column":29},"end":{"line":91,"column":1}},"28":{"start":{"line":86,"column":18},"end":{"line":86,"column":47}},"29":{"start":{"line":87,"column":2},"end":{"line":89,"column":3}},"30":{"start":{"line":88,"column":4},"end":{"line":88,"column":78}},"31":{"start":{"line":90,"column":2},"end":{"line":90,"column":17}}},"fnMap":{"0":{"name":"(anonymous_0)","decl":{"start":{"line":21,"column":34},"end":{"line":21,"column":35}},"loc":{"start":{"line":24,"column":31},"end":{"line":82,"column":1}},"line":24},"1":{"name":"(anonymous_1)","decl":{"start":{"line":26,"column":41},"end":{"line":26,"column":42}},"loc":{"start":{"line":26,"column":47},"end":{"line":26,"column":70}},"line":26},"2":{"name":"(anonymous_2)","decl":{"start":{"line":28,"column":31},"end":{"line":28,"column":32}},"loc":{"start":{"line":28,"column":37},"end":{"line":33,"column":3}},"line":28},"3":{"name":"(anonymous_3)","decl":{"start":{"line":35,"column":12},"end":{"line":35,"column":13}},"loc":{"start":{"line":35,"column":18},"end":{"line":49,"column":3}},"line":35},"4":{"name":"(anonymous_4)","decl":{"start":{"line":39,"column":54},"end":{"line":39,"column":55}},"loc":{"start":{"line":39,"column":75},"end":{"line":44,"column":5}},"line":39},"5":{"name":"(anonymous_5)","decl":{"start":{"line":40,"column":17},"end":{"line":40,"column":18}},"loc":{"start":{"line":40,"column":31},"end":{"line":43,"column":7}},"line":40},"6":{"name":"(anonymous_6)","decl":{"start":{"line":46,"column":11},"end":{"line":46,"column":12}},"loc":{"start":{"line":46,"column":17},"end":{"line":48,"column":5}},"line":46},"7":{"name":"(anonymous_7)","decl":{"start":{"line":52,"column":4},"end":{"line":52,"column":5}},"loc":{"start":{"line":52,"column":18},"end":{"line":64,"column":5}},"line":52},"8":{"name":"(anonymous_8)","decl":{"start":{"line":53,"column":20},"end":{"line":53,"column":21}},"loc":{"start":{"line":53,"column":33},"end":{"line":63,"column":7}},"line":53},"9":{"name":"(anonymous_9)","decl":{"start":{"line":55,"column":10},"end":{"line":55,"column":11}},"loc":{"start":{"line":55,"column":20},"end":{"line":55,"column":43}},"line":55},"10":{"name":"(anonymous_10)","decl":{"start":{"line":69,"column":4},"end":{"line":69,"column":5}},"loc":{"start":{"line":69,"column":11},"end":{"line":73,"column":5}},"line":69},"11":{"name":"(anonymous_11)","decl":{"start":{"line":85,"column":29},"end":{"line":85,"column":30}},"loc":{"start":{"line":85,"column":35},"end":{"line":91,"column":1}},"line":85}},"branchMap":{"0":{"loc":{"start":{"line":36,"column":4},"end":{"line":38,"column":5}},"type":"if","locations":[{"start":{"line":36,"column":4},"end":{"line":38,"column":5}},{"start":{},"end":{}}],"line":36},"1":{"loc":{"start":{"line":42,"column":21},"end":{"line":42,"column":55}},"type":"binary-expr","locations":[{"start":{"line":42,"column":21},"end":{"line":42,"column":32}},{"start":{"line":42,"column":36},"end":{"line":42,"column":55}}],"line":42},"2":{"loc":{"start":{"line":57,"column":8},"end":{"line":61,"column":9}},"type":"if","locations":[{"start":{"line":57,"column":8},"end":{"line":61,"column":9}},{"start":{},"end":{}}],"line":57},"3":{"loc":{"start":{"line":87,"column":2},"end":{"line":89,"column":3}},"type":"if","locations":[{"start":{"line":87,"column":2},"end":{"line":89,"column":3}},{"start":{},"end":{}}],"line":87}},"s":{"0":0,"1":0,"2":0,"3":0,"4":0,"5":0,"6":0,"7":0,"8":0,"9":0,"10":0,"11":0,"12":0,"13":0,"14":0,"15":0,"16":0,"17":0,"18":0,"19":0,"20":0,"21":0,"22":0,"23":0,"24":0,"25":0,"26":0,"27":0,"28":0,"29":0,"30":0,"31":0},"f":{"0":0,"1":0,"2":0,"3":0,"4":0,"5":0,"6":0,"7":0,"8":0,"9":0,"10":0,"11":0},"b":{"0":[0,0],"1":[0,0],"2":[0,0],"3":[0,0]}}
,"/Users/devcoup/Projects/MichaelSimoneau.com/dotcom/src/foundation/defaultConfig.ts": {"path":"/Users/devcoup/Projects/MichaelSimoneau.com/dotcom/src/foundation/defaultConfig.ts","statementMap":{"0":{"start":{"line":4,"column":51},"end":{"line":68,"column":1}},"1":{"start":{"line":59,"column":6},"end":{"line":61,"column":7}},"2":{"start":{"line":60,"column":8},"end":{"line":60,"column":45}}},"fnMap":{"0":{"name":"(anonymous_0)","decl":{"start":{"line":58,"column":11},"end":{"line":58,"column":12}},"loc":{"start":{"line":58,"column":20},"end":{"line":62,"column":5}},"line":58},"1":{"name":"(anonymous_1)","decl":{"start":{"line":65,"column":20},"end":{"line":65,"column":21}},"loc":{"start":{"line":65,"column":26},"end":{"line":67,"column":3}},"line":65}},"branchMap":{"0":{"loc":{"start":{"line":59,"column":6},"end":{"line":61,"column":7}},"type":"if","locations":[{"start":{"line":59,"column":6},"end":{"line":61,"column":7}},{"start":{},"end":{}}],"line":59}},"s":{"0":0,"1":0,"2":0},"f":{"0":0,"1":0},"b":{"0":[0,0]}}
,"/Users/devcoup/Projects/MichaelSimoneau.com/dotcom/src/foundation/hooks.ts": {"path":"/Users/devcoup/Projects/MichaelSimoneau.com/dotcom/src/foundation/hooks.ts","statementMap":{"0":{"start":{"line":5,"column":36},"end":{"line":10,"column":1}},"1":{"start":{"line":8,"column":23},"end":{"line":8,"column":38}},"2":{"start":{"line":9,"column":2},"end":{"line":9,"column":63}},"3":{"start":{"line":9,"column":23},"end":{"line":9,"column":40}},"4":{"start":{"line":12,"column":37},"end":{"line":15,"column":1}},"5":{"start":{"line":13,"column":23},"end":{"line":13,"column":38}},"6":{"start":{"line":14,"column":2},"end":{"line":14,"column":18}},"7":{"start":{"line":17,"column":38},"end":{"line":20,"column":1}},"8":{"start":{"line":18,"column":24},"end":{"line":18,"column":39}},"9":{"start":{"line":19,"column":2},"end":{"line":19,"column":19}},"10":{"start":{"line":22,"column":36},"end":{"line":25,"column":1}},"11":{"start":{"line":23,"column":22},"end":{"line":23,"column":37}},"12":{"start":{"line":24,"column":2},"end":{"line":24,"column":17}},"13":{"start":{"line":32,"column":37},"end":{"line":42,"column":1}},"14":{"start":{"line":33,"column":31},"end":{"line":33,"column":46}},"15":{"start":{"line":35,"column":2},"end":{"line":41,"column":35}},"16":{"start":{"line":36,"column":4},"end":{"line":38,"column":5}},"17":{"start":{"line":37,"column":6},"end":{"line":37,"column":13}},"18":{"start":{"line":40,"column":4},"end":{"line":40,"column":31}},"19":{"start":{"line":44,"column":37},"end":{"line":89,"column":1}},"20":{"start":{"line":49,"column":33},"end":{"line":49,"column":48}},"21":{"start":{"line":50,"column":29},"end":{"line":53,"column":3}},"22":{"start":{"line":51,"column":11},"end":{"line":51,"column":53}},"23":{"start":{"line":54,"column":23},"end":{"line":54,"column":36}},"24":{"start":{"line":55,"column":21},"end":{"line":58,"column":3}},"25":{"start":{"line":56,"column":10},"end":{"line":56,"column":28}},"26":{"start":{"line":59,"column":18},"end":{"line":59,"column":42}},"27":{"start":{"line":61,"column":2},"end":{"line":88,"column":5}},"28":{"start":{"line":62,"column":4},"end":{"line":64,"column":5}},"29":{"start":{"line":63,"column":6},"end":{"line":63,"column":13}},"30":{"start":{"line":66,"column":4},"end":{"line":76,"column":7}}},"fnMap":{"0":{"name":"(anonymous_0)","decl":{"start":{"line":5,"column":36},"end":{"line":5,"column":37}},"loc":{"start":{"line":7,"column":5},"end":{"line":10,"column":1}},"line":7},"1":{"name":"(anonymous_1)","decl":{"start":{"line":9,"column":17},"end":{"line":9,"column":18}},"loc":{"start":{"line":9,"column":23},"end":{"line":9,"column":40}},"line":9},"2":{"name":"(anonymous_2)","decl":{"start":{"line":12,"column":37},"end":{"line":12,"column":38}},"loc":{"start":{"line":12,"column":43},"end":{"line":15,"column":1}},"line":12},"3":{"name":"(anonymous_3)","decl":{"start":{"line":17,"column":38},"end":{"line":17,"column":39}},"loc":{"start":{"line":17,"column":44},"end":{"line":20,"column":1}},"line":17},"4":{"name":"(anonymous_4)","decl":{"start":{"line":22,"column":36},"end":{"line":22,"column":37}},"loc":{"start":{"line":22,"column":42},"end":{"line":25,"column":1}},"line":22},"5":{"name":"(anonymous_5)","decl":{"start":{"line":32,"column":37},"end":{"line":32,"column":38}},"loc":{"start":{"line":32,"column":72},"end":{"line":42,"column":1}},"line":32},"6":{"name":"(anonymous_6)","decl":{"start":{"line":35,"column":12},"end":{"line":35,"column":13}},"loc":{"start":{"line":35,"column":18},"end":{"line":41,"column":3}},"line":35},"7":{"name":"(anonymous_7)","decl":{"start":{"line":44,"column":37},"end":{"line":44,"column":38}},"loc":{"start":{"line":48,"column":5},"end":{"line":89,"column":1}},"line":48},"8":{"name":"(anonymous_8)","decl":{"start":{"line":51,"column":4},"end":{"line":51,"column":5}},"loc":{"start":{"line":51,"column":11},"end":{"line":51,"column":53}},"line":51},"9":{"name":"(anonymous_9)","decl":{"start":{"line":56,"column":4},"end":{"line":56,"column":5}},"loc":{"start":{"line":56,"column":10},"end":{"line":56,"column":28}},"line":56},"10":{"name":"(anonymous_10)","decl":{"start":{"line":61,"column":12},"end":{"line":61,"column":13}},"loc":{"start":{"line":61,"column":18},"end":{"line":77,"column":3}},"line":61}},"branchMap":{"0":{"loc":{"start":{"line":36,"column":4},"end":{"line":38,"column":5}},"type":"if","locations":[{"start":{"line":36,"column":4},"end":{"line":38,"column":5}},{"start":{},"end":{}}],"line":36},"1":{"loc":{"start":{"line":51,"column":11},"end":{"line":51,"column":53}},"type":"cond-expr","locations":[{"start":{"line":51,"column":21},"end":{"line":51,"column":44}},{"start":{"line":51,"column":47},"end":{"line":51,"column":53}}],"line":51},"2":{"loc":{"start":{"line":56,"column":10},"end":{"line":56,"column":28}},"type":"binary-expr","locations":[{"start":{"line":56,"column":10},"end":{"line":56,"column":22}},{"start":{"line":56,"column":26},"end":{"line":56,"column":28}}],"line":56},"3":{"loc":{"start":{"line":59,"column":18},"end":{"line":59,"column":42}},"type":"binary-expr","locations":[{"start":{"line":59,"column":18},"end":{"line":59,"column":34}},{"start":{"line":59,"column":38},"end":{"line":59,"column":42}}],"line":59},"4":{"loc":{"start":{"line":62,"column":4},"end":{"line":64,"column":5}},"type":"if","locations":[{"start":{"line":62,"column":4},"end":{"line":64,"column":5}},{"start":{},"end":{}}],"line":62},"5":{"loc":{"start":{"line":72,"column":21},"end":{"line":72,"column":51}},"type":"binary-expr","locations":[{"start":{"line":72,"column":21},"end":{"line":72,"column":40}},{"start":{"line":72,"column":44},"end":{"line":72,"column":51}}],"line":72}},"s":{"0":0,"1":0,"2":0,"3":0,"4":0,"5":0,"6":0,"7":0,"8":0,"9":0,"10":0,"11":0,"12":0,"13":0,"14":0,"15":0,"16":0,"17":0,"18":0,"19":0,"20":0,"21":0,"22":0,"23":0,"24":0,"25":0,"26":0,"27":0,"28":0,"29":0,"30":0},"f":{"0":0,"1":0,"2":0,"3":0,"4":0,"5":0,"6":0,"7":0,"8":0,"9":0,"10":0},"b":{"0":[0,0],"1":[0,0],"2":[0,0],"3":[0,0],"4":[0,0],"5":[0,0]}}
,"/Users/devcoup/Projects/MichaelSimoneau.com/dotcom/src/foundation/index.ts": {"path":"/Users/devcoup/Projects/MichaelSimoneau.com/dotcom/src/foundation/index.ts","statementMap":{},"fnMap":{},"branchMap":{},"s":{},"f":{},"b":{}}
,"/Users/devcoup/Projects/MichaelSimoneau.com/dotcom/src/foundation/runtime.ts": {"path":"/Users/devcoup/Projects/MichaelSimoneau.com/dotcom/src/foundation/runtime.ts","statementMap":{"0":{"start":{"line":19,"column":22},"end":{"line":22,"column":1}},"1":{"start":{"line":20,"column":27},"end":{"line":20,"column":71}},"2":{"start":{"line":21,"column":2},"end":{"line":21,"column":58}},"3":{"start":{"line":24,"column":18},"end":{"line":36,"column":1}},"4":{"start":{"line":25,"column":2},"end":{"line":34,"column":3}},"5":{"start":{"line":26,"column":4},"end":{"line":31,"column":5}},"6":{"start":{"line":27,"column":23},"end":{"line":27,"column":69}},"7":{"start":{"line":28,"column":6},"end":{"line":30,"column":7}},"8":{"start":{"line":29,"column":8},"end":{"line":29,"column":24}},"9":{"start":{"line":33,"column":4},"end":{"line":33,"column":65}},"10":{"start":{"line":35,"column":2},"end":{"line":35,"column":17}},"11":{"start":{"line":38,"column":20},"end":{"line":50,"column":1}},"12":{"start":{"line":39,"column":2},"end":{"line":48,"column":3}},"13":{"start":{"line":40,"column":4},"end":{"line":45,"column":5}},"14":{"start":{"line":41,"column":23},"end":{"line":41,"column":71}},"15":{"start":{"line":42,"column":6},"end":{"line":44,"column":7}},"16":{"start":{"line":43,"column":8},"end":{"line":43,"column":24}},"17":{"start":{"line":47,"column":4},"end":{"line":47,"column":67}},"18":{"start":{"line":49,"column":2},"end":{"line":49,"column":15}},"19":{"start":{"line":52,"column":26},"end":{"line":62,"column":1}},"20":{"start":{"line":53,"column":2},"end":{"line":61,"column":3}},"21":{"start":{"line":54,"column":23},"end":{"line":54,"column":38}},"22":{"start":{"line":55,"column":21},"end":{"line":55,"column":66}},"23":{"start":{"line":56,"column":22},"end":{"line":56,"column":70}},"24":{"start":{"line":57,"column":4},"end":{"line":57,"column":65}},"25":{"start":{"line":59,"column":4},"end":{"line":59,"column":70}},"26":{"start":{"line":60,"column":4},"end":{"line":60,"column":21}},"27":{"start":{"line":64,"column":37},"end":{"line":71,"column":2}},"28":{"start":{"line":64,"column":63},"end":{"line":71,"column":1}}},"fnMap":{"0":{"name":"(anonymous_0)","decl":{"start":{"line":19,"column":22},"end":{"line":19,"column":23}},"loc":{"start":{"line":19,"column":61},"end":{"line":22,"column":1}},"line":19},"1":{"name":"(anonymous_1)","decl":{"start":{"line":24,"column":18},"end":{"line":24,"column":19}},"loc":{"start":{"line":24,"column":24},"end":{"line":36,"column":1}},"line":24},"2":{"name":"(anonymous_2)","decl":{"start":{"line":38,"column":20},"end":{"line":38,"column":21}},"loc":{"start":{"line":38,"column":26},"end":{"line":50,"column":1}},"line":38},"3":{"name":"(anonymous_3)","decl":{"start":{"line":52,"column":26},"end":{"line":52,"column":27}},"loc":{"start":{"line":52,"column":32},"end":{"line":62,"column":1}},"line":52},"4":{"name":"(anonymous_4)","decl":{"start":{"line":64,"column":37},"end":{"line":64,"column":38}},"loc":{"start":{"line":64,"column":63},"end":{"line":71,"column":1}},"line":64}},"branchMap":{"0":{"loc":{"start":{"line":21,"column":9},"end":{"line":21,"column":57}},"type":"binary-expr","locations":[{"start":{"line":21,"column":9},"end":{"line":21,"column":32}},{"start":{"line":21,"column":36},"end":{"line":21,"column":57}}],"line":21},"1":{"loc":{"start":{"line":26,"column":4},"end":{"line":31,"column":5}},"type":"if","locations":[{"start":{"line":26,"column":4},"end":{"line":31,"column":5}},{"start":{},"end":{}}],"line":26},"2":{"loc":{"start":{"line":28,"column":6},"end":{"line":30,"column":7}},"type":"if","locations":[{"start":{"line":28,"column":6},"end":{"line":30,"column":7}},{"start":{},"end":{}}],"line":28},"3":{"loc":{"start":{"line":40,"column":4},"end":{"line":45,"column":5}},"type":"if","locations":[{"start":{"line":40,"column":4},"end":{"line":45,"column":5}},{"start":{},"end":{}}],"line":40},"4":{"loc":{"start":{"line":42,"column":6},"end":{"line":44,"column":7}},"type":"if","locations":[{"start":{"line":42,"column":6},"end":{"line":44,"column":7}},{"start":{},"end":{}}],"line":42},"5":{"loc":{"start":{"line":55,"column":21},"end":{"line":55,"column":66}},"type":"binary-expr","locations":[{"start":{"line":55,"column":21},"end":{"line":55,"column":42}},{"start":{"line":55,"column":46},"end":{"line":55,"column":66}}],"line":55},"6":{"loc":{"start":{"line":56,"column":22},"end":{"line":56,"column":70}},"type":"binary-expr","locations":[{"start":{"line":56,"column":22},"end":{"line":56,"column":49}},{"start":{"line":56,"column":53},"end":{"line":56,"column":70}}],"line":56},"7":{"loc":{"start":{"line":57,"column":11},"end":{"line":57,"column":64}},"type":"cond-expr","locations":[{"start":{"line":57,"column":43},"end":{"line":57,"column":52}},{"start":{"line":57,"column":55},"end":{"line":57,"column":64}}],"line":57},"8":{"loc":{"start":{"line":69,"column":15},"end":{"line":69,"column":53}},"type":"binary-expr","locations":[{"start":{"line":69,"column":15},"end":{"line":69,"column":42}},{"start":{"line":69,"column":46},"end":{"line":69,"column":53}}],"line":69}},"s":{"0":0,"1":0,"2":0,"3":0,"4":0,"5":0,"6":0,"7":0,"8":0,"9":0,"10":0,"11":0,"12":0,"13":0,"14":0,"15":0,"16":0,"17":0,"18":0,"19":0,"20":0,"21":0,"22":0,"23":0,"24":0,"25":0,"26":0,"27":0,"28":0},"f":{"0":0,"1":0,"2":0,"3":0,"4":0},"b":{"0":[0,0],"1":[0,0],"2":[0,0],"3":[0,0],"4":[0,0],"5":[0,0],"6":[0,0],"7":[0,0],"8":[0,0]}}
,"/Users/devcoup/Projects/MichaelSimoneau.com/dotcom/src/foundation/types.ts": {"path":"/Users/devcoup/Projects/MichaelSimoneau.com/dotcom/src/foundation/types.ts","statementMap":{},"fnMap":{},"branchMap":{},"s":{},"f":{},"b":{}}
,"/Users/devcoup/Projects/MichaelSimoneau.com/dotcom/src/foundation/utils.ts": {"path":"/Users/devcoup/Projects/MichaelSimoneau.com/dotcom/src/foundation/utils.ts","statementMap":{"0":{"start":{"line":5,"column":26},"end":{"line":7,"column":1}},"1":{"start":{"line":6,"column":2},"end":{"line":6,"column":78}},"2":{"start":{"line":9,"column":25},"end":{"line":38,"column":1}},"3":{"start":{"line":13,"column":34},"end":{"line":13,"column":47}},"4":{"start":{"line":15,"column":2},"end":{"line":35,"column":5}},"5":{"start":{"line":16,"column":4},"end":{"line":18,"column":5}},"6":{"start":{"line":17,"column":6},"end":{"line":17,"column":13}},"7":{"start":{"line":20,"column":4},"end":{"line":23,"column":5}},"8":{"start":{"line":21,"column":6},"end":{"line":21,"column":31}},"9":{"start":{"line":22,"column":6},"end":{"line":22,"column":13}},"10":{"start":{"line":25,"column":4},"end":{"line":32,"column":5}},"11":{"start":{"line":26,"column":26},"end":{"line":26,"column":37}},"12":{"start":{"line":27,"column":6},"end":{"line":30,"column":8}},"13":{"start":{"line":31,"column":6},"end":{"line":31,"column":13}},"14":{"start":{"line":34,"column":4},"end":{"line":34,"column":24}},"15":{"start":{"line":37,"column":2},"end":{"line":37,"column":21}}},"fnMap":{"0":{"name":"(anonymous_0)","decl":{"start":{"line":5,"column":26},"end":{"line":5,"column":27}},"loc":{"start":{"line":5,"column":72},"end":{"line":7,"column":1}},"line":5},"1":{"name":"(anonymous_1)","decl":{"start":{"line":9,"column":25},"end":{"line":9,"column":26}},"loc":{"start":{"line":12,"column":8},"end":{"line":38,"column":1}},"line":12},"2":{"name":"(anonymous_2)","decl":{"start":{"line":15,"column":39},"end":{"line":15,"column":40}},"loc":{"start":{"line":15,"column":57},"end":{"line":35,"column":3}},"line":15}},"branchMap":{"0":{"loc":{"start":{"line":6,"column":9},"end":{"line":6,"column":77}},"type":"binary-expr","locations":[{"start":{"line":6,"column":9},"end":{"line":6,"column":34}},{"start":{"line":6,"column":38},"end":{"line":6,"column":52}},{"start":{"line":6,"column":56},"end":{"line":6,"column":77}}],"line":6},"1":{"loc":{"start":{"line":15,"column":17},"end":{"line":15,"column":29}},"type":"binary-expr","locations":[{"start":{"line":15,"column":17},"end":{"line":15,"column":23}},{"start":{"line":15,"column":27},"end":{"line":15,"column":29}}],"line":15},"2":{"loc":{"start":{"line":16,"column":4},"end":{"line":18,"column":5}},"type":"if","locations":[{"start":{"line":16,"column":4},"end":{"line":18,"column":5}},{"start":{},"end":{}}],"line":16},"3":{"loc":{"start":{"line":16,"column":8},"end":{"line":16,"column":45}},"type":"binary-expr","locations":[{"start":{"line":16,"column":8},"end":{"line":16,"column":27}},{"start":{"line":16,"column":31},"end":{"line":16,"column":45}}],"line":16},"4":{"loc":{"start":{"line":20,"column":4},"end":{"line":23,"column":5}},"type":"if","locations":[{"start":{"line":20,"column":4},"end":{"line":23,"column":5}},{"start":{},"end":{}}],"line":20},"5":{"loc":{"start":{"line":25,"column":4},"end":{"line":32,"column":5}},"type":"if","locations":[{"start":{"line":25,"column":4},"end":{"line":32,"column":5}},{"start":{},"end":{}}],"line":25},"6":{"loc":{"start":{"line":28,"column":8},"end":{"line":28,"column":57}},"type":"cond-expr","locations":[{"start":{"line":28,"column":41},"end":{"line":28,"column":52}},{"start":{"line":28,"column":55},"end":{"line":28,"column":57}}],"line":28}},"s":{"0":0,"1":0,"2":0,"3":0,"4":0,"5":0,"6":0,"7":0,"8":0,"9":0,"10":0,"11":0,"12":0,"13":0,"14":0,"15":0},"f":{"0":0,"1":0,"2":0},"b":{"0":[0,0,0],"1":[0,0],"2":[0,0],"3":[0,0],"4":[0,0],"5":[0,0],"6":[0,0]}}
,"/Users/devcoup/Projects/MichaelSimoneau.com/dotcom/src/providers/AppProviders.tsx": {"path":"/Users/devcoup/Projects/MichaelSimoneau.com/dotcom/src/providers/AppProviders.tsx","statementMap":{"0":{"start":{"line":10,"column":28},"end":{"line":16,"column":1}},"1":{"start":{"line":11,"column":2},"end":{"line":15,"column":4}}},"fnMap":{"0":{"name":"(anonymous_0)","decl":{"start":{"line":10,"column":28},"end":{"line":10,"column":29}},"loc":{"start":{"line":10,"column":65},"end":{"line":16,"column":1}},"line":10}},"branchMap":{},"s":{"0":1,"1":1},"f":{"0":1},"b":{},"_coverageSchema":"1a1c01bbd47fc00a2c39e90264f33305004495a9","hash":"96e4c4398787451356bf5b5d561c1fb95ad11df1"}
}
